2024-04-11 20:57:33.911 +02:00 [DBG] OnLoaded: No token file found
2024-04-11 20:57:35.920 +02:00 [DBG] StartGame: Game has started
2024-04-11 20:57:42.679 +02:00 [DBG] BtnAccount_Click: Error logging in: The given key was not present in the dictionary.
2024-04-11 20:57:47.405 +02:00 [DBG] BtnAccount_Click: Error logging in: The given key was not present in the dictionary.
2024-04-11 20:57:47.578 +02:00 [DBG] BtnAccount_Click: Error logging in: The given key was not present in the dictionary.
2024-04-11 20:57:47.734 +02:00 [DBG] BtnAccount_Click: Error logging in: The given key was not present in the dictionary.
2024-04-11 20:57:47.898 +02:00 [DBG] BtnAccount_Click: Error logging in: The given key was not present in the dictionary.
2024-04-11 20:57:48.035 +02:00 [DBG] BtnAccount_Click: Error logging in: The given key was not present in the dictionary.
2024-04-11 20:57:48.187 +02:00 [DBG] BtnAccount_Click: Error logging in: The given key was not present in the dictionary.
2024-04-11 20:57:48.336 +02:00 [DBG] BtnAccount_Click: Error logging in: The given key was not present in the dictionary.
2024-04-11 20:57:48.485 +02:00 [DBG] BtnAccount_Click: Error logging in: The given key was not present in the dictionary.
2024-04-11 20:57:48.652 +02:00 [DBG] BtnAccount_Click: Error logging in: The given key was not present in the dictionary.
2024-04-11 20:57:48.815 +02:00 [DBG] BtnAccount_Click: Error logging in: The given key was not present in the dictionary.
2024-04-11 20:57:48.977 +02:00 [DBG] BtnAccount_Click: Error logging in: The given key was not present in the dictionary.
2024-04-11 20:57:49.135 +02:00 [DBG] BtnAccount_Click: Error logging in: The given key was not present in the dictionary.
2024-04-11 20:57:49.297 +02:00 [DBG] BtnAccount_Click: Error logging in: The given key was not present in the dictionary.
2024-04-11 20:57:49.502 +02:00 [DBG] BtnAccount_Click: Error logging in: The given key was not present in the dictionary.
2024-04-11 20:57:49.829 +02:00 [DBG] BtnAccount_Click: Error logging in: The given key was not present in the dictionary.
2024-04-11 20:58:34.868 +02:00 [DBG] BtnAccount_Click: Error logging in: The given key was not present in the dictionary.
2024-04-11 20:58:35.382 +02:00 [DBG] BtnAccount_Click: Error logging in: The given key was not present in the dictionary.
2024-04-11 20:58:35.540 +02:00 [DBG] BtnAccount_Click: Error logging in: The given key was not present in the dictionary.
2024-04-11 20:58:35.712 +02:00 [DBG] BtnAccount_Click: Error logging in: The given key was not present in the dictionary.
2024-04-11 20:58:35.892 +02:00 [DBG] BtnAccount_Click: Error logging in: The given key was not present in the dictionary.
2024-04-11 20:58:44.501 +02:00 [DBG] OnLoaded: No token file found
2024-04-11 20:58:46.114 +02:00 [DBG] StartGame: Game has started
2024-04-11 20:58:55.852 +02:00 [DBG] OnLoaded: No token file found
2024-04-11 20:58:57.299 +02:00 [DBG] StartGame: Game has started
2024-04-11 20:59:11.043 +02:00 [DBG] OnLoaded: No token file found
2024-04-11 20:59:13.050 +02:00 [DBG] BtnAccount_Click: Error logging in: The given key was not present in the dictionary.
2024-04-11 20:59:15.937 +02:00 [DBG] BtnAccount_Click: Error logging in: The given key was not present in the dictionary.
2024-04-11 20:59:16.109 +02:00 [DBG] BtnAccount_Click: Error logging in: The given key was not present in the dictionary.
2024-04-11 20:59:16.277 +02:00 [DBG] BtnAccount_Click: Error logging in: The given key was not present in the dictionary.
2024-04-11 20:59:16.463 +02:00 [DBG] BtnAccount_Click: Error logging in: The given key was not present in the dictionary.
2024-04-11 20:59:25.698 +02:00 [DBG] BtnAccount_Click: Error logging in: The given key was not present in the dictionary.
2024-04-11 20:59:28.477 +02:00 [DBG] BtnAccount_Click: Error logging in: The given key was not present in the dictionary.
2024-04-11 20:59:31.412 +02:00 [DBG] BtnAccount_Click: Error logging in: The given key was not present in the dictionary.
2024-04-11 20:59:31.601 +02:00 [DBG] BtnAccount_Click: Error logging in: The given key was not present in the dictionary.
2024-04-11 20:59:31.756 +02:00 [DBG] BtnAccount_Click: Error logging in: The given key was not present in the dictionary.
2024-04-11 20:59:31.922 +02:00 [DBG] BtnAccount_Click: Error logging in: The given key was not present in the dictionary.
2024-04-11 20:59:32.086 +02:00 [DBG] BtnAccount_Click: Error logging in: The given key was not present in the dictionary.
2024-04-11 20:59:32.242 +02:00 [DBG] BtnAccount_Click: Error logging in: The given key was not present in the dictionary.
2024-04-11 20:59:32.405 +02:00 [DBG] BtnAccount_Click: Error logging in: The given key was not present in the dictionary.
2024-04-11 20:59:32.582 +02:00 [DBG] BtnAccount_Click: Error logging in: The given key was not present in the dictionary.
2024-04-11 20:59:32.770 +02:00 [DBG] BtnAccount_Click: Error logging in: The given key was not present in the dictionary.
2024-04-11 20:59:32.943 +02:00 [DBG] BtnAccount_Click: Error logging in: The given key was not present in the dictionary.
2024-04-11 20:59:33.143 +02:00 [DBG] BtnAccount_Click: Error logging in: The given key was not present in the dictionary.
2024-04-11 20:59:33.331 +02:00 [DBG] BtnAccount_Click: Error logging in: The given key was not present in the dictionary.
2024-04-11 20:59:33.506 +02:00 [DBG] BtnAccount_Click: Error logging in: The given key was not present in the dictionary.
2024-04-11 20:59:33.677 +02:00 [DBG] BtnAccount_Click: Error logging in: The given key was not present in the dictionary.
2024-04-11 20:59:33.849 +02:00 [DBG] BtnAccount_Click: Error logging in: The given key was not present in the dictionary.
2024-04-11 20:59:34.031 +02:00 [DBG] BtnAccount_Click: Error logging in: The given key was not present in the dictionary.
2024-04-11 20:59:34.212 +02:00 [DBG] BtnAccount_Click: Error logging in: The given key was not present in the dictionary.
2024-04-11 20:59:34.405 +02:00 [DBG] BtnAccount_Click: Error logging in: The given key was not present in the dictionary.
2024-04-11 20:59:34.571 +02:00 [DBG] BtnAccount_Click: Error logging in: The given key was not present in the dictionary.
2024-04-11 20:59:34.764 +02:00 [DBG] BtnAccount_Click: Error logging in: The given key was not present in the dictionary.
2024-04-11 21:02:47.912 +02:00 [DBG] BtnAccount_Click: Error logging in: The given key was not present in the dictionary.
2024-04-11 21:02:48.784 +02:00 [DBG] BtnAccount_Click: Error logging in: The given key was not present in the dictionary.
2024-04-11 21:02:49.669 +02:00 [DBG] BtnAccount_Click: Error logging in: The given key was not present in the dictionary.
2024-04-11 21:04:06.216 +02:00 [DBG] BtnAccount_Click: Error logging in: The given key was not present in the dictionary.
2024-04-11 21:04:06.372 +02:00 [DBG] BtnAccount_Click: Error logging in: The given key was not present in the dictionary.
2024-04-11 21:04:06.559 +02:00 [DBG] BtnAccount_Click: Error logging in: The given key was not present in the dictionary.
2024-04-11 21:04:08.110 +02:00 [DBG] BtnAccount_Click: Error logging in: The given key was not present in the dictionary.
2024-04-11 21:04:08.555 +02:00 [DBG] BtnAccount_Click: Error logging in: The given key was not present in the dictionary.
2024-04-11 21:04:11.458 +02:00 [DBG] BtnAccount_Click: Error logging in: The given key was not present in the dictionary.
2024-04-11 21:04:23.132 +02:00 [DBG] BtnAccount_Click: Error logging in: The given key was not present in the dictionary.
2024-04-11 21:04:23.311 +02:00 [DBG] BtnAccount_Click: Error logging in: The given key was not present in the dictionary.
2024-04-11 21:04:23.491 +02:00 [DBG] BtnAccount_Click: Error logging in: The given key was not present in the dictionary.
2024-04-11 21:04:23.644 +02:00 [DBG] BtnAccount_Click: Error logging in: The given key was not present in the dictionary.
2024-04-11 21:04:24.099 +02:00 [DBG] BtnAccount_Click: Error logging in: The given key was not present in the dictionary.
2024-04-11 21:04:24.272 +02:00 [DBG] BtnAccount_Click: Error logging in: The given key was not present in the dictionary.
2024-04-11 21:04:24.538 +02:00 [DBG] BtnAccount_Click: Error logging in: The given key was not present in the dictionary.
2024-04-11 21:04:24.720 +02:00 [DBG] BtnAccount_Click: Error logging in: The given key was not present in the dictionary.
2024-04-11 21:04:24.930 +02:00 [DBG] BtnAccount_Click: Error logging in: The given key was not present in the dictionary.
2024-04-11 21:04:25.138 +02:00 [DBG] BtnAccount_Click: Error logging in: The given key was not present in the dictionary.
2024-04-11 21:04:25.325 +02:00 [DBG] BtnAccount_Click: Error logging in: The given key was not present in the dictionary.
2024-04-11 21:04:25.487 +02:00 [DBG] BtnAccount_Click: Error logging in: The given key was not present in the dictionary.
2024-04-11 21:04:25.702 +02:00 [DBG] BtnAccount_Click: Error logging in: The given key was not present in the dictionary.
2024-04-11 21:54:38.903 +02:00 [DBG] OnLoaded: Old tokens retrieved successfully:
{
  "access_token": "ya29.a0Ad52N3830ljx-SXr6S1UQXMwLMfzVyCDkZISAefjsZ2Jk1bBvQoTuBeGPOcdqxYw24GZwMakvTuYuet8XrsR2jduBKJCkBq8CinmROTrCuXcSCrigm4NzABLOIGCat6IRmX1xxCoET1eQApAmnMwcQEW9Mh5PRy0nQaCgYKAY4SARMSFQHGX2MiBmvJ5Im9CgqzAXKpTEZy1g0169",
  "expires_in": "3599",
  "scope": "openid https://www.googleapis.com/auth/userinfo.profile https://www.googleapis.com/auth/userinfo.email",
  "token_type": "Bearer",
  "id_token": "eyJhbGciOiJSUzI1NiIsImtpZCI6IjkzYjQ5NTE2MmFmMGM4N2NjN2E1MTY4NjI5NDA5NzA0MGRhZjNiNDMiLCJ0eXAiOiJKV1QifQ.eyJpc3MiOiJodHRwczovL2FjY291bnRzLmdvb2dsZS5jb20iLCJhenAiOiI3OTQ5MTg2OTM5NDAtajFrYjBvMWdpM3V0a2k2dGgydTZubW9jMmk0MGtxYm0uYXBwcy5nb29nbGV1c2VyY29udGVudC5jb20iLCJhdWQiOiI3OTQ5MTg2OTM5NDAtajFrYjBvMWdpM3V0a2k2dGgydTZubW9jMmk0MGtxYm0uYXBwcy5nb29nbGV1c2VyY29udGVudC5jb20iLCJzdWIiOiIxMTM2NDQ3NTg5MDc4Mzk0Mzk2MDAiLCJlbWFpbCI6ImVsZW1lbnRhbGdvbGRmaXNoQGdtYWlsLmNvbSIsImVtYWlsX3ZlcmlmaWVkIjp0cnVlLCJhdF9oYXNoIjoieU1wa183TWVUS3A3UTFhN3ctNjJPdyIsIm5hbWUiOiJFbGVtZW50YWwgR29sZGZpc2giLCJwaWN0dXJlIjoiaHR0cHM6Ly9saDMuZ29vZ2xldXNlcmNvbnRlbnQuY29tL2EvQUNnOG9jS2hrWGxvd1E1a0h1cW1FR2xHb0N6TmJlZlJRUmhVRDRRUUE1bzNDNGszYXRiR2N3PXM5Ni1jIiwiZ2l2ZW5fbmFtZSI6IkVsZW1lbnRhbCIsImZhbWlseV9uYW1lIjoiR29sZGZpc2giLCJpYXQiOjE3MTI4NjUxOTksImV4cCI6MTcxMjg2ODc5OX0.CtPGJjbY0xTmA2BhzsHO38x-9ZKGpDGsdxxuqDVrG7b-WUrBIr9wfQFHHUmZitgyq3TrQJeb_JSyoxviShD631JjQhVrkxtnnCwegpsOhtibSmXY50cgP_3uqIKn-dJVVqxd11AlqthKeqO21dgtr978UA5VLNAqKnd6C2T4Hwt_ZkhQ20tia81sElt1b6GNwesimZvl3qq-N3f2-ftS1-BGdvDEM0_End3ZbsJ-5p-LvPiX8QI7R5tmDtDccsCM-UVwGCqNN8rSxlB3Naq4ODUTC5-jwCEJHhjKmoB6WsR-lsGsizp3c054RTMFA-wo17oELBKsfHzp3JQjUmNljg"
}
2024-04-11 21:54:38.928 +02:00 [DBG] OnLoaded: Error occured: The given key was not present in the dictionary.
2024-04-11 21:54:44.323 +02:00 [DBG] Game state saved on document save.
2024-04-11 21:54:44.326 +02:00 [DBG] redirect URI: http://127.0.0.1:62436/
2024-04-11 21:54:44.327 +02:00 [DBG] Listening..
2024-04-11 21:54:44.942 +02:00 [DBG] Authorization code: 4/0AeaYSHDiK_3cBSmh55WyN228qb5jVJGRrdO6bzKEZAsOoag8TmPfzVXQG1xFlRR9pTbYgA
2024-04-11 21:54:44.944 +02:00 [DBG] Exchanging code for tokens...
2024-04-11 21:54:45.701 +02:00 [DBG] {
  "access_token": "ya29.a0Ad52N39KUX7vfxOOxCMxAsYQITqaOeN0as9imKqV-umGV8Q5ZSab91eXzbmfowP2z7mlRwWscqlwiL9k8nXtVNn27E6ge3JIi2xfwxj7JHd0AP1RcIOJtrhXcPWjLHLC2MU8bdPbGpBZ9jciSqPRR14vrt26aFlxQgaCgYKAXESARMSFQHGX2MiPBo4wQM-qlMIRNgIqjTNoA0169",
  "expires_in": 3599,
  "scope": "openid https://www.googleapis.com/auth/userinfo.email https://www.googleapis.com/auth/userinfo.profile",
  "token_type": "Bearer",
  "id_token": "eyJhbGciOiJSUzI1NiIsImtpZCI6IjkzYjQ5NTE2MmFmMGM4N2NjN2E1MTY4NjI5NDA5NzA0MGRhZjNiNDMiLCJ0eXAiOiJKV1QifQ.eyJpc3MiOiJodHRwczovL2FjY291bnRzLmdvb2dsZS5jb20iLCJhenAiOiI3OTQ5MTg2OTM5NDAtajFrYjBvMWdpM3V0a2k2dGgydTZubW9jMmk0MGtxYm0uYXBwcy5nb29nbGV1c2VyY29udGVudC5jb20iLCJhdWQiOiI3OTQ5MTg2OTM5NDAtajFrYjBvMWdpM3V0a2k2dGgydTZubW9jMmk0MGtxYm0uYXBwcy5nb29nbGV1c2VyY29udGVudC5jb20iLCJzdWIiOiIxMTM2NDQ3NTg5MDc4Mzk0Mzk2MDAiLCJlbWFpbCI6ImVsZW1lbnRhbGdvbGRmaXNoQGdtYWlsLmNvbSIsImVtYWlsX3ZlcmlmaWVkIjp0cnVlLCJhdF9oYXNoIjoib0dkM0lPc2ZFMlZLRnhiTENac0hvUSIsIm5hbWUiOiJFbGVtZW50YWwgR29sZGZpc2giLCJwaWN0dXJlIjoiaHR0cHM6Ly9saDMuZ29vZ2xldXNlcmNvbnRlbnQuY29tL2EvQUNnOG9jS2hrWGxvd1E1a0h1cW1FR2xHb0N6TmJlZlJRUmhVRDRRUUE1bzNDNGszYXRiR2N3PXM5Ni1jIiwiZ2l2ZW5fbmFtZSI6IkVsZW1lbnRhbCIsImZhbWlseV9uYW1lIjoiR29sZGZpc2giLCJpYXQiOjE3MTI4NjUyODUsImV4cCI6MTcxMjg2ODg4NX0.QXGdX2W2obLoyDy2vlmLlZMu02ck79QwqgCBsxsiTV7tyW_GInoP0iejYe0gKoNEnzn0csxuf2Gg55TFIZK8NjwVAqLY4Y2aeKJ-3AySWwd6SQSVlD90YAStX7-lzZxsUTTpap4prc6fzRv7RB9gATBlrvq2QhRemqadtov-J3OMUcssRRVD9nki93lnck9bmKDF3bTU6M7cO4lsShr69SjzWO2A_XDqNg5_GS-YnP5VX3DcHyyd8h8hWubygiXbKkTDoWeRWVMsSvnDKf1oN2Yvzeqfjq_5iJbZyb2YYfdTTWJb8TCaAD71j7Ej0AdeVkWUVxjYFYDi66bRyAmUzQ"
}
